#
# A fatal error has been detected by the Java Runtime Environment:
#
#  EXCEPTION_ACCESS_VIOLATION (0xc0000005) at pc=0x0000000180005b00, pid=4016, tid=54428
#
# JRE version: Java(TM) SE Runtime Environment (17.0+35) (build 17+35-LTS-2724)
# Java VM: Java HotSpot(TM) 64-Bit Server VM (17+35-LTS-2724, mixed mode, sharing, tiered, compressed oops, compressed class ptrs, g1 gc, windows-amd64)
# Problematic frame:
# C  [rxtxSerial.dll+0x5b00]
#
# No core dump will be written. Minidumps are not enabled by default on client versions of Windows
#
# If you would like to submit a bug report, please visit:
#   https://bugreport.java.com/bugreport/crash.jsp
# The crash happened outside the Java Virtual Machine in native code.
# See problematic frame for where to report the bug.
#

---------------  S U M M A R Y ------------

Command Line: -Dfile.encoding=MS949 -XX:+ShowCodeDetailsInExceptionMessages project.sess.main.MainClass

Host: Intel(R) Core(TM) i7-7700HQ CPU @ 2.80GHz, 8 cores, 15G,  Windows 10 , 64 bit Build 19041 (10.0.19041.1202)
Time: Thu Oct 28 21:53:05 2021  Windows 10 , 64 bit Build 19041 (10.0.19041.1202) elapsed time: 8.389108 seconds (0d 0h 0m 8s)

---------------  T H R E A D  ---------------

Current thread (0x000001cd152f7330):  JavaThread "middleThread" [_thread_in_native, id=54428, stack(0x000000b0a7000000,0x000000b0a7100000)]

Stack: [0x000000b0a7000000,0x000000b0a7100000],  sp=0x000000b0a70ff2e0,  free space=1020k
Native frames: (J=compiled Java code, j=interpreted, Vv=VM code, C=native code)
C  [rxtxSerial.dll+0x5b00]

Java frames: (J=compiled Java code, j=interpreted, Vv=VM code)
j  gnu.io.RXTXPort.readArray([BII)I+0
j  gnu.io.RXTXPort$SerialInputStream.read([BII)I+212
j  gnu.io.RXTXPort$SerialInputStream.read([B)I+60
j  project.sess.ui.MainFrame$SerialPortProcess.run()V+150
j  java.lang.Thread.run()V+11 java.base@17
v  ~StubRoutines::call_stub

siginfo: EXCEPTION_ACCESS_VIOLATION (0xc0000005), reading address 0xffffffffa77ff028


Register to memory mapping:

RIP=0x0000000180005b00 rxtxSerial.dll
RAX=0x0000000000000001 is an unknown value
RBX=0x0 is NULL
RCX=0x000000018001d4d5 rxtxSerial.dll
RDX=0xfffffffffffff665 is an unknown value
RSP=0x000000b0a70ff2e0 is pointing into the stack for thread: 0x000001cd152f7330
RBP=0x00000000ffffffff is an unknown value
RSI=0x0 is NULL
RDI=0x000001cd152f75d8 points into unknown readable memory: 0x00007ffd16ae3630 | 30 36 ae 16 fd 7f 00 00
R8 =0x0000000000000002 is an unknown value
R9 =0xfffffffffffff63c is an unknown value
R10=0x00007ffd16b62970 jvm.dll
R11=0x8101010101010100 is an unknown value
R12=0xffffffffa77ff020 is an unknown value
R13=0x0000000000000001 is an unknown value
R14=0x000000b0a70ff4d0 is pointing into the stack for thread: 0x000001cd152f7330
R15=0x0 is NULL


Registers:
RAX=0x0000000000000001, RBX=0x0000000000000000, RCX=0x000000018001d4d5, RDX=0xfffffffffffff665
RSP=0x000000b0a70ff2e0, RBP=0x00000000ffffffff, RSI=0x0000000000000000, RDI=0x000001cd152f75d8
R8 =0x0000000000000002, R9 =0xfffffffffffff63c, R10=0x00007ffd16b62970, R11=0x8101010101010100
R12=0xffffffffa77ff020, R13=0x0000000000000001, R14=0x000000b0a70ff4d0, R15=0x0000000000000000
RIP=0x0000000180005b00, EFLAGS=0x0000000000010202

Top of Stack: (sp=0x000000b0a70ff2e0)
0x000000b0a70ff2e0:   0000000000000000 0000000000000000
0x000000b0a70ff2f0:   0000000000000000 00007ffd16443988
0x000000b0a70ff300:   0000000000000000 000000b0a70ff4d0
0x000000b0a70ff310:   000001cd1690b1a0 0000000000000001
0x000000b0a70ff320:   000001cd152f75d8 0000000000000001
0x000000b0a70ff330:   ffffffffffffffff 0000000180006211
0x000000b0a70ff340:   000001cd0db29160 0000000000000001
0x000000b0a70ff350:   000000b000000001 000001cd0db29160
0x000000b0a70ff360:   000001cd00000001 000000b0ffffffff
0x000000b0a70ff370:   000000b0a70ff4d8 000001cd70379612
0x000000b0a70ff380:   000001cd70379612 000001cd1690b1a0
0x000000b0a70ff390:   000000b0a70ff4a0 00007ffd163de272
0x000000b0a70ff3a0:   00000000000155b4 0000c5f4315574c4
0x000000b0a70ff3b0:   000001cd152f7330 0000c0850637b061
0x000000b0a70ff3c0:   000001cd1690b1a8 000001cd1690b1a0
0x000000b0a70ff3d0:   000001cd152f7330 000000b0a70ff4d8 

Instructions: (pc=0x0000000180005b00)
0x0000000180005a00:   5d c3 cc cc cc cc cc cc cc cc cc cc cc cc cc cc
0x0000000180005a10:   48 89 5c 24 08 4c 89 4c 24 20 44 89 44 24 18 55
0x0000000180005a20:   56 57 41 54 41 55 41 56 41 57 48 83 ec 20 48 8b
0x0000000180005a30:   2a 48 8b 01 33 db 48 8b d5 48 8b f9 44 8b fb 8b
0x0000000180005a40:   f3 ff 90 f8 00 00 00 4c 8d 0d 9e 70 01 00 4c 8b
0x0000000180005a50:   e0 48 8b 07 4c 8d 05 b5 70 01 00 49 8b d4 48 8b
0x0000000180005a60:   cf ff 90 f0 02 00 00 48 8b cf 4c 8b c0 48 85 c0
0x0000000180005a70:   48 8b 07 75 28 ff 90 80 00 00 00 4c 8b 1f 48 8b
0x0000000180005a80:   cf 41 ff 93 88 00 00 00 4c 8b 1f 49 8b d4 48 8b
0x0000000180005a90:   cf 41 ff 93 b8 00 00 00 4c 8b e3 eb 54 48 8b d5
0x0000000180005aa0:   ff 90 20 03 00 00 49 8b d4 48 8b cf 48 63 e8 48
0x0000000180005ab0:   8b 07 ff 90 b8 00 00 00 48 8d 15 51 70 01 00 48
0x0000000180005ac0:   8d 0d 0e 7a 01 00 41 b8 02 00 00 00 e8 6f 62 00
0x0000000180005ad0:   00 85 c0 75 19 85 ed 75 15 e8 c2 5e 00 00 48 8d
0x0000000180005ae0:   15 23 7a 01 00 48 8d 48 60 e8 3a 5d 00 00 4c 8b
0x0000000180005af0:   e5 8b ac 24 88 00 00 00 44 8b ac 24 80 00 00 00
0x0000000180005b00:   45 8b 74 24 08 41 89 5c 24 08 41 8b fd 85 ed 78
0x0000000180005b10:   09 ff 15 e9 14 01 00 44 8b f8 45 85 ed 7e 4a 90
0x0000000180005b20:   8b c6 ff c6 83 f8 14 7d 40 85 ed 78 0d ff 15 cd
0x0000000180005b30:   14 01 00 41 2b c7 3b c5 7d 2f 8b 4c 24 70 48 63
0x0000000180005b40:   d3 44 8b c7 48 03 54 24 78 e8 a2 31 00 00 85 c0
0x0000000180005b50:   78 33 74 06 03 d8 2b f8 eb 0a b9 e8 03 00 00 e8
0x0000000180005b60:   1c 1c 00 00 41 3b dd 7c b7 8b c3 45 89 74 24 08
0x0000000180005b70:   48 8b 5c 24 60 48 83 c4 20 41 5f 41 5e 41 5d 41
0x0000000180005b80:   5c 5f 5e 5d c3 e8 1e 61 00 00 83 38 04 74 05 e8
0x0000000180005b90:   14 61 00 00 83 c8 ff eb d2 cc cc cc cc cc cc cc
0x0000000180005ba0:   40 53 55 56 57 41 54 41 55 48 81 ec b8 00 00 00
0x0000000180005bb0:   48 8b 05 71 85 01 00 48 33 c4 48 89 84 24 a0 00
0x0000000180005bc0:   00 00 48 8b 01 45 8b e9 41 8b f8 48 8b f2 48 8b
0x0000000180005bd0:   d9 ff 90 f8 00 00 00 4c 8b 13 4c 8d 0d 33 6f 01
0x0000000180005be0:   00 4c 8d 05 7c 6f 01 00 48 8b d0 48 8b cb 4c 8b
0x0000000180005bf0:   e0 41 ff 92 f0 02 00 00 33 ed 48 8b cb 4c 8b c0 


Stack slot to memory mapping:
stack at sp + 0 slots: 0x0 is NULL
stack at sp + 1 slots: 0x0 is NULL
stack at sp + 2 slots: 0x0 is NULL
stack at sp + 3 slots: 0x00007ffd16443988 jvm.dll
stack at sp + 4 slots: 0x0 is NULL
stack at sp + 5 slots: 0x000000b0a70ff4d0 is pointing into the stack for thread: 0x000001cd152f7330
stack at sp + 6 slots: 0x000001cd1690b1a0 is pointing into metadata
stack at sp + 7 slots: 0x0000000000000001 is an unknown value


---------------  P R O C E S S  ---------------

Threads class SMR info:
_java_thread_list=0x000001cd157a9140, length=19, elements={
0x000001cd0b535300, 0x000001cd0b538090, 0x000001cd0b54b570, 0x000001cd0b54bc40,
0x000001cd0b54c700, 0x000001cd0b5544e0, 0x000001cd0b565fc0, 0x000001cd0b5668c0,
0x000001cd0b558cc0, 0x000001cd0c108bd0, 0x000001cd0c10d4b0, 0x000001cd0c367350,
0x000001cd0c389890, 0x000001cd0c3a2b50, 0x000001cd0d721980, 0x000001cd0d756950,
0x000001cd68b5bf10, 0x000001cd152f7330, 0x000001cd152f5180
}

Java Threads: ( => current thread )
  0x000001cd0b535300 JavaThread "Reference Handler" daemon [_thread_blocked, id=29520, stack(0x000000b0a5c00000,0x000000b0a5d00000)]
  0x000001cd0b538090 JavaThread "Finalizer" daemon [_thread_blocked, id=50912, stack(0x000000b0a5d00000,0x000000b0a5e00000)]
  0x000001cd0b54b570 JavaThread "Signal Dispatcher" daemon [_thread_blocked, id=54464, stack(0x000000b0a5e00000,0x000000b0a5f00000)]
  0x000001cd0b54bc40 JavaThread "Attach Listener" daemon [_thread_blocked, id=57820, stack(0x000000b0a5f00000,0x000000b0a6000000)]
  0x000001cd0b54c700 JavaThread "Service Thread" daemon [_thread_blocked, id=49216, stack(0x000000b0a6000000,0x000000b0a6100000)]
  0x000001cd0b5544e0 JavaThread "Monitor Deflation Thread" daemon [_thread_blocked, id=26000, stack(0x000000b0a6100000,0x000000b0a6200000)]
  0x000001cd0b565fc0 JavaThread "C2 CompilerThread0" daemon [_thread_blocked, id=24500, stack(0x000000b0a6200000,0x000000b0a6300000)]
  0x000001cd0b5668c0 JavaThread "C1 CompilerThread0" daemon [_thread_blocked, id=58560, stack(0x000000b0a6300000,0x000000b0a6400000)]
  0x000001cd0b558cc0 JavaThread "Sweeper thread" daemon [_thread_blocked, id=16404, stack(0x000000b0a6400000,0x000000b0a6500000)]
  0x000001cd0c108bd0 JavaThread "Notification Thread" daemon [_thread_blocked, id=55704, stack(0x000000b0a6500000,0x000000b0a6600000)]
  0x000001cd0c10d4b0 JavaThread "Common-Cleaner" daemon [_thread_blocked, id=50240, stack(0x000000b0a6700000,0x000000b0a6800000)]
  0x000001cd0c367350 JavaThread "Java2D Disposer" daemon [_thread_blocked, id=25492, stack(0x000000b0a6800000,0x000000b0a6900000)]
  0x000001cd0c389890 JavaThread "AWT-Shutdown" [_thread_blocked, id=21864, stack(0x000000b0a6900000,0x000000b0a6a00000)]
  0x000001cd0c3a2b50 JavaThread "AWT-Windows" daemon [_thread_in_native, id=53012, stack(0x000000b0a6a00000,0x000000b0a6b00000)]
  0x000001cd0d721980 JavaThread "Image Fetcher 1" daemon [_thread_blocked, id=55828, stack(0x000000b0a6e00000,0x000000b0a6f00000)]
  0x000001cd0d756950 JavaThread "AWT-EventQueue-0" [_thread_blocked, id=57324, stack(0x000000b0a6f00000,0x000000b0a7000000)]
  0x000001cd68b5bf10 JavaThread "DestroyJavaVM" [_thread_blocked, id=56248, stack(0x000000b0a5500000,0x000000b0a5600000)]
=>0x000001cd152f7330 JavaThread "middleThread" [_thread_in_native, id=54428, stack(0x000000b0a7000000,0x000000b0a7100000)]
  0x000001cd152f5180 JavaThread "Thread-1" [_thread_in_native, id=12604, stack(0x000000b0a7700000,0x000000b0a7800000)]

Other Threads:
  0x000001cd0b52f7e0 VMThread "VM Thread" [stack: 0x000000b0a5b00000,0x000000b0a5c00000] [id=57980]
  0x000001cd0b58ecc0 WatcherThread [stack: 0x000000b0a6600000,0x000000b0a6700000] [id=50076]
  0x000001cd68bacb50 GCTaskThread "GC Thread#0" [stack: 0x000000b0a5600000,0x000000b0a5700000] [id=43976]
  0x000001cd154a2d00 GCTaskThread "GC Thread#1" [stack: 0x000000b0a6d00000,0x000000b0a6e00000] [id=20828]
  0x000001cd0d7059b0 GCTaskThread "GC Thread#2" [stack: 0x000000b0a7100000,0x000000b0a7200000] [id=30296]
  0x000001cd157623c0 GCTaskThread "GC Thread#3" [stack: 0x000000b0a7200000,0x000000b0a7300000] [id=59028]
  0x000001cd15762670 GCTaskThread "GC Thread#4" [stack: 0x000000b0a7300000,0x000000b0a7400000] [id=56188]
  0x000001cd152fa3f0 GCTaskThread "GC Thread#5" [stack: 0x000000b0a7400000,0x000000b0a7500000] [id=24528]
  0x000001cd15356400 GCTaskThread "GC Thread#6" [stack: 0x000000b0a7500000,0x000000b0a7600000] [id=55440]
  0x000001cd15355940 GCTaskThread "GC Thread#7" [stack: 0x000000b0a7600000,0x000000b0a7700000] [id=9816]
  0x000001cd68bbea50 ConcurrentGCThread "G1 Main Marker" [stack: 0x000000b0a5700000,0x000000b0a5800000] [id=29848]
  0x000001cd68bbf370 ConcurrentGCThread "G1 Conc#0" [stack: 0x000000b0a5800000,0x000000b0a5900000] [id=1252]
  0x000001cd0b3f24c0 ConcurrentGCThread "G1 Refine#0" [stack: 0x000000b0a5900000,0x000000b0a5a00000] [id=58148]
  0x000001cd68c339a0 ConcurrentGCThread "G1 Service" [stack: 0x000000b0a5a00000,0x000000b0a5b00000] [id=16172]

Threads with active compile tasks:

VM state: not at safepoint (normal execution)

VM Mutex/Monitor currently owned by a thread: None

Heap address: 0x0000000707000000, size: 3984 MB, Compressed Oops mode: Zero based, Oop shift amount: 3

CDS archive(s) mapped at: [0x0000000800000000-0x0000000800bc0000-0x0000000800bc0000), size 12320768, SharedBaseAddress: 0x0000000800000000, ArchiveRelocationMode: 0.
Compressed class space mapped at: 0x0000000800c00000-0x0000000840c00000, reserved size: 1073741824
Narrow klass base: 0x0000000800000000, Narrow klass shift: 0, Narrow klass range: 0x100000000

GC Precious Log:
 CPUs: 8 total, 8 available
 Memory: 15929M
 Large Page Support: Disabled
 NUMA Support: Disabled
 Compressed Oops: Enabled (Zero based)
 Heap Region Size: 2M
 Heap Min Capacity: 8M
 Heap Initial Capacity: 250M
 Heap Max Capacity: 3984M
 Pre-touch: Disabled
 Parallel Workers: 8
 Concurrent Workers: 2
 Concurrent Refinement Workers: 8
 Periodic GC: Disabled

Heap:
 garbage-first heap   total 256000K, used 20078K [0x0000000707000000, 0x0000000800000000)
  region size 2048K, 3 young (6144K), 2 survivors (4096K)
 Metaspace       used 9857K, committed 10112K, reserved 1064960K
  class space    used 1194K, committed 1344K, reserved 1048576K

Heap Regions: E=young(eden), S=young(survivor), O=old, HS=humongous(starts), HC=humongous(continues), CS=collection set, F=free, OA=open archive, CA=closed archive, TAMS=top-at-mark-start (previous, next)
|   0|0x0000000707000000, 0x0000000707200000, 0x0000000707200000|100%|HS|  |TAMS 0x0000000707000000, 0x0000000707000000| Complete 
|   1|0x0000000707200000, 0x0000000707400000, 0x0000000707400000|100%|HC|  |TAMS 0x0000000707200000, 0x0000000707200000| Complete 
|   2|0x0000000707400000, 0x0000000707600000, 0x0000000707600000|100%|HS|  |TAMS 0x0000000707400000, 0x0000000707400000| Complete 
|   3|0x0000000707600000, 0x0000000707800000, 0x0000000707800000|100%|HS|  |TAMS 0x0000000707600000, 0x0000000707600000| Complete 
|   4|0x0000000707800000, 0x0000000707a00000, 0x0000000707a00000|100%|HS|  |TAMS 0x0000000707800000, 0x0000000707800000| Complete 
|   5|0x0000000707a00000, 0x0000000707c00000, 0x0000000707c00000|100%|HC|  |TAMS 0x0000000707a00000, 0x0000000707a00000| Complete 
|   6|0x0000000707c00000, 0x0000000707e00000, 0x0000000707e00000|100%|HS|  |TAMS 0x0000000707c00000, 0x0000000707c00000| Complete 
|   7|0x0000000707e00000, 0x0000000707f9b800, 0x0000000708000000| 80%| O|  |TAMS 0x0000000707e00000, 0x0000000707e00000| Untracked 
|   8|0x0000000708000000, 0x0000000708000000, 0x0000000708200000|  0%| F|  |TAMS 0x0000000708000000, 0x0000000708000000| Untracked 
|   9|0x0000000708200000, 0x0000000708200000, 0x0000000708400000|  0%| F|  |TAMS 0x0000000708200000, 0x0000000708200000| Untracked 
|  10|0x0000000708400000, 0x0000000708400000, 0x0000000708600000|  0%| F|  |TAMS 0x0000000708400000, 0x0000000708400000| Untracked 
|  11|0x0000000708600000, 0x0000000708600000, 0x0000000708800000|  0%| F|  |TAMS 0x0000000708600000, 0x0000000708600000| Untracked 
|  12|0x0000000708800000, 0x0000000708800000, 0x0000000708a00000|  0%| F|  |TAMS 0x0000000708800000, 0x0000000708800000| Untracked 
|  13|0x0000000708a00000, 0x0000000708a00000, 0x0000000708c00000|  0%| F|  |TAMS 0x0000000708a00000, 0x0000000708a00000| Untracked 
|  14|0x0000000708c00000, 0x0000000708c00000, 0x0000000708e00000|  0%| F|  |TAMS 0x0000000708c00000, 0x0000000708c00000| Untracked 
|  15|0x0000000708e00000, 0x0000000708e00000, 0x0000000709000000|  0%| F|  |TAMS 0x0000000708e00000, 0x0000000708e00000| Untracked 
|  16|0x0000000709000000, 0x0000000709000000, 0x0000000709200000|  0%| F|  |TAMS 0x0000000709000000, 0x0000000709000000| Untracked 
|  17|0x0000000709200000, 0x0000000709200000, 0x0000000709400000|  0%| F|  |TAMS 0x0000000709200000, 0x0000000709200000| Untracked 
|  18|0x0000000709400000, 0x0000000709400000, 0x0000000709600000|  0%| F|  |TAMS 0x0000000709400000, 0x0000000709400000| Untracked 
|  19|0x0000000709600000, 0x0000000709600000, 0x0000000709800000|  0%| F|  |TAMS 0x0000000709600000, 0x0000000709600000| Untracked 
|  20|0x0000000709800000, 0x0000000709800000, 0x0000000709a00000|  0%| F|  |TAMS 0x0000000709800000, 0x0000000709800000| Untracked 
|  21|0x0000000709a00000, 0x0000000709a00000, 0x0000000709c00000|  0%| F|  |TAMS 0x0000000709a00000, 0x0000000709a00000| Untracked 
|  22|0x0000000709c00000, 0x0000000709c00000, 0x0000000709e00000|  0%| F|  |TAMS 0x0000000709c00000, 0x0000000709c00000| Untracked 
|  23|0x0000000709e00000, 0x0000000709e00000, 0x000000070a000000|  0%| F|  |TAMS 0x0000000709e00000, 0x0000000709e00000| Untracked 
|  24|0x000000070a000000, 0x000000070a000000, 0x000000070a200000|  0%| F|  |TAMS 0x000000070a000000, 0x000000070a000000| Untracked 
|  25|0x000000070a200000, 0x000000070a200000, 0x000000070a400000|  0%| F|  |TAMS 0x000000070a200000, 0x000000070a200000| Untracked 
|  26|0x000000070a400000, 0x000000070a400000, 0x000000070a600000|  0%| F|  |TAMS 0x000000070a400000, 0x000000070a400000| Untracked 
|  27|0x000000070a600000, 0x000000070a600000, 0x000000070a800000|  0%| F|  |TAMS 0x000000070a600000, 0x000000070a600000| Untracked 
|  28|0x000000070a800000, 0x000000070a800000, 0x000000070aa00000|  0%| F|  |TAMS 0x000000070a800000, 0x000000070a800000| Untracked 
|  29|0x000000070aa00000, 0x000000070aa00000, 0x000000070ac00000|  0%| F|  |TAMS 0x000000070aa00000, 0x000000070aa00000| Untracked 
|  30|0x000000070ac00000, 0x000000070ac00000, 0x000000070ae00000|  0%| F|  |TAMS 0x000000070ac00000, 0x000000070ac00000| Untracked 
|  31|0x000000070ae00000, 0x000000070ae00000, 0x000000070b000000|  0%| F|  |TAMS 0x000000070ae00000, 0x000000070ae00000| Untracked 
|  32|0x000000070b000000, 0x000000070b000000, 0x000000070b200000|  0%| F|  |TAMS 0x000000070b000000, 0x000000070b000000| Untracked 
|  33|0x000000070b200000, 0x000000070b200000, 0x000000070b400000|  0%| F|  |TAMS 0x000000070b200000, 0x000000070b200000| Untracked 
|  34|0x000000070b400000, 0x000000070b400000, 0x000000070b600000|  0%| F|  |TAMS 0x000000070b400000, 0x000000070b400000| Untracked 
|  35|0x000000070b600000, 0x000000070b600000, 0x000000070b800000|  0%| F|  |TAMS 0x000000070b600000, 0x000000070b600000| Untracked 
|  36|0x000000070b800000, 0x000000070b800000, 0x000000070ba00000|  0%| F|  |TAMS 0x000000070b800000, 0x000000070b800000| Untracked 
|  37|0x000000070ba00000, 0x000000070ba00000, 0x000000070bc00000|  0%| F|  |TAMS 0x000000070ba00000, 0x000000070ba00000| Untracked 
|  38|0x000000070bc00000, 0x000000070bc00000, 0x000000070be00000|  0%| F|  |TAMS 0x000000070bc00000, 0x000000070bc00000| Untracked 
|  39|0x000000070be00000, 0x000000070be00000, 0x000000070c000000|  0%| F|  |TAMS 0x000000070be00000, 0x000000070be00000| Untracked 
|  40|0x000000070c000000, 0x000000070c000000, 0x000000070c200000|  0%| F|  |TAMS 0x000000070c000000, 0x000000070c000000| Untracked 
|  41|0x000000070c200000, 0x000000070c200000, 0x000000070c400000|  0%| F|  |TAMS 0x000000070c200000, 0x000000070c200000| Untracked 
|  42|0x000000070c400000, 0x000000070c400000, 0x000000070c600000|  0%| F|  |TAMS 0x000000070c400000, 0x000000070c400000| Untracked 
|  43|0x000000070c600000, 0x000000070c600000, 0x000000070c800000|  0%| F|  |TAMS 0x000000070c600000, 0x000000070c600000| Untracked 
|  44|0x000000070c800000, 0x000000070c800000, 0x000000070ca00000|  0%| F|  |TAMS 0x000000070c800000, 0x000000070c800000| Untracked 
|  45|0x000000070ca00000, 0x000000070ca00000, 0x000000070cc00000|  0%| F|  |TAMS 0x000000070ca00000, 0x000000070ca00000| Untracked 
|  46|0x000000070cc00000, 0x000000070cc00000, 0x000000070ce00000|  0%| F|  |TAMS 0x000000070cc00000, 0x000000070cc00000| Untracked 
|  47|0x000000070ce00000, 0x000000070ce00000, 0x000000070d000000|  0%| F|  |TAMS 0x000000070ce00000, 0x000000070ce00000| Untracked 
|  48|0x000000070d000000, 0x000000070d000000, 0x000000070d200000|  0%| F|  |TAMS 0x000000070d000000, 0x000000070d000000| Untracked 
|  49|0x000000070d200000, 0x000000070d200000, 0x000000070d400000|  0%| F|  |TAMS 0x000000070d200000, 0x000000070d200000| Untracked 
|  50|0x000000070d400000, 0x000000070d400000, 0x000000070d600000|  0%| F|  |TAMS 0x000000070d400000, 0x000000070d400000| Untracked 
|  51|0x000000070d600000, 0x000000070d600000, 0x000000070d800000|  0%| F|  |TAMS 0x000000070d600000, 0x000000070d600000| Untracked 
|  52|0x000000070d800000, 0x000000070d800000, 0x000000070da00000|  0%| F|  |TAMS 0x000000070d800000, 0x000000070d800000| Untracked 
|  53|0x000000070da00000, 0x000000070da00000, 0x000000070dc00000|  0%| F|  |TAMS 0x000000070da00000, 0x000000070da00000| Untracked 
|  54|0x000000070dc00000, 0x000000070dc00000, 0x000000070de00000|  0%| F|  |TAMS 0x000000070dc00000, 0x000000070dc00000| Untracked 
|  55|0x000000070de00000, 0x000000070de00000, 0x000000070e000000|  0%| F|  |TAMS 0x000000070de00000, 0x000000070de00000| Untracked 
|  56|0x000000070e000000, 0x000000070e000000, 0x000000070e200000|  0%| F|  |TAMS 0x000000070e000000, 0x000000070e000000| Untracked 
|  57|0x000000070e200000, 0x000000070e200000, 0x000000070e400000|  0%| F|  |TAMS 0x000000070e200000, 0x000000070e200000| Untracked 
|  58|0x000000070e400000, 0x000000070e400000, 0x000000070e600000|  0%| F|  |TAMS 0x000000070e400000, 0x000000070e400000| Untracked 
|  59|0x000000070e600000, 0x000000070e600000, 0x000000070e800000|  0%| F|  |TAMS 0x000000070e600000, 0x000000070e600000| Untracked 
|  60|0x000000070e800000, 0x000000070e800000, 0x000000070ea00000|  0%| F|  |TAMS 0x000000070e800000, 0x000000070e800000| Untracked 
|  61|0x000000070ea00000, 0x000000070ea00000, 0x000000070ec00000|  0%| F|  |TAMS 0x000000070ea00000, 0x000000070ea00000| Untracked 
|  62|0x000000070ec00000, 0x000000070ec00000, 0x000000070ee00000|  0%| F|  |TAMS 0x000000070ec00000, 0x000000070ec00000| Untracked 
|  63|0x000000070ee00000, 0x000000070ee00000, 0x000000070f000000|  0%| F|  |TAMS 0x000000070ee00000, 0x000000070ee00000| Untracked 
|  64|0x000000070f000000, 0x000000070f000000, 0x000000070f200000|  0%| F|  |TAMS 0x000000070f000000, 0x000000070f000000| Untracked 
|  65|0x000000070f200000, 0x000000070f200000, 0x000000070f400000|  0%| F|  |TAMS 0x000000070f200000, 0x000000070f200000| Untracked 
|  66|0x000000070f400000, 0x000000070f400000, 0x000000070f600000|  0%| F|  |TAMS 0x000000070f400000, 0x000000070f400000| Untracked 
|  67|0x000000070f600000, 0x000000070f600000, 0x000000070f800000|  0%| F|  |TAMS 0x000000070f600000, 0x000000070f600000| Untracked 
|  68|0x000000070f800000, 0x000000070f800000, 0x000000070fa00000|  0%| F|  |TAMS 0x000000070f800000, 0x000000070f800000| Untracked 
|  69|0x000000070fa00000, 0x000000070fa00000, 0x000000070fc00000|  0%| F|  |TAMS 0x000000070fa00000, 0x000000070fa00000| Untracked 
|  70|0x000000070fc00000, 0x000000070fc00000, 0x000000070fe00000|  0%| F|  |TAMS 0x000000070fc00000, 0x000000070fc00000| Untracked 
|  71|0x000000070fe00000, 0x000000070fe00000, 0x0000000710000000|  0%| F|  |TAMS 0x000000070fe00000, 0x000000070fe00000| Untracked 
|  72|0x0000000710000000, 0x0000000710000000, 0x0000000710200000|  0%| F|  |TAMS 0x0000000710000000, 0x0000000710000000| Untracked 
|  73|0x0000000710200000, 0x0000000710200000, 0x0000000710400000|  0%| F|  |TAMS 0x0000000710200000, 0x0000000710200000| Untracked 
|  74|0x0000000710400000, 0x0000000710400000, 0x0000000710600000|  0%| F|  |TAMS 0x0000000710400000, 0x0000000710400000| Untracked 
|  75|0x0000000710600000, 0x0000000710600000, 0x0000000710800000|  0%| F|  |TAMS 0x0000000710600000, 0x0000000710600000| Untracked 
|  76|0x0000000710800000, 0x0000000710800000, 0x0000000710a00000|  0%| F|  |TAMS 0x0000000710800000, 0x0000000710800000| Untracked 
|  77|0x0000000710a00000, 0x0000000710a00000, 0x0000000710c00000|  0%| F|  |TAMS 0x0000000710a00000, 0x0000000710a00000| Untracked 
|  78|0x0000000710c00000, 0x0000000710c00000, 0x0000000710e00000|  0%| F|  |TAMS 0x0000000710c00000, 0x0000000710c00000| Untracked 
|  79|0x0000000710e00000, 0x0000000710e00000, 0x0000000711000000|  0%| F|  |TAMS 0x0000000710e00000, 0x0000000710e00000| Untracked 
|  80|0x0000000711000000, 0x0000000711000000, 0x0000000711200000|  0%| F|  |TAMS 0x0000000711000000, 0x0000000711000000| Untracked 
|  81|0x0000000711200000, 0x0000000711200000, 0x0000000711400000|  0%| F|  |TAMS 0x0000000711200000, 0x0000000711200000| Untracked 
|  82|0x0000000711400000, 0x0000000711400000, 0x0000000711600000|  0%| F|  |TAMS 0x0000000711400000, 0x0000000711400000| Untracked 
|  83|0x0000000711600000, 0x0000000711600000, 0x0000000711800000|  0%| F|  |TAMS 0x0000000711600000, 0x0000000711600000| Untracked 
|  84|0x0000000711800000, 0x0000000711800000, 0x0000000711a00000|  0%| F|  |TAMS 0x0000000711800000, 0x0000000711800000| Untracked 
|  85|0x0000000711a00000, 0x0000000711a00000, 0x0000000711c00000|  0%| F|  |TAMS 0x0000000711a00000, 0x0000000711a00000| Untracked 
|  86|0x0000000711c00000, 0x0000000711c00000, 0x0000000711e00000|  0%| F|  |TAMS 0x0000000711c00000, 0x0000000711c00000| Untracked 
|  87|0x0000000711e00000, 0x0000000711e00000, 0x0000000712000000|  0%| F|  |TAMS 0x0000000711e00000, 0x0000000711e00000| Untracked 
|  88|0x0000000712000000, 0x0000000712000000, 0x0000000712200000|  0%| F|  |TAMS 0x0000000712000000, 0x0000000712000000| Untracked 
|  89|0x0000000712200000, 0x0000000712200000, 0x0000000712400000|  0%| F|  |TAMS 0x0000000712200000, 0x0000000712200000| Untracked 
|  90|0x0000000712400000, 0x0000000712400000, 0x0000000712600000|  0%| F|  |TAMS 0x0000000712400000, 0x0000000712400000| Untracked 
|  91|0x0000000712600000, 0x0000000712600000, 0x0000000712800000|  0%| F|  |TAMS 0x0000000712600000, 0x0000000712600000| Untracked 
|  92|0x0000000712800000, 0x0000000712800000, 0x0000000712a00000|  0%| F|  |TAMS 0x0000000712800000, 0x0000000712800000| Untracked 
|  93|0x0000000712a00000, 0x0000000712a00000, 0x0000000712c00000|  0%| F|  |TAMS 0x0000000712a00000, 0x0000000712a00000| Untracked 
|  94|0x0000000712c00000, 0x0000000712c00000, 0x0000000712e00000|  0%| F|  |TAMS 0x0000000712c00000, 0x0000000712c00000| Untracked 
|  95|0x0000000712e00000, 0x0000000712e00000, 0x0000000713000000|  0%| F|  |TAMS 0x0000000712e00000, 0x0000000712e00000| Untracked 
|  96|0x0000000713000000, 0x0000000713000000, 0x0000000713200000|  0%| F|  |TAMS 0x0000000713000000, 0x0000000713000000| Untracked 
|  97|0x0000000713200000, 0x0000000713200000, 0x0000000713400000|  0%| F|  |TAMS 0x0000000713200000, 0x0000000713200000| Untracked 
|  98|0x0000000713400000, 0x0000000713400000, 0x0000000713600000|  0%| F|  |TAMS 0x0000000713400000, 0x0000000713400000| Untracked 
|  99|0x0000000713600000, 0x0000000713600000, 0x0000000713800000|  0%| F|  |TAMS 0x0000000713600000, 0x0000000713600000| Untracked 
| 100|0x0000000713800000, 0x0000000713800000, 0x0000000713a00000|  0%| F|  |TAMS 0x0000000713800000, 0x0000000713800000| Untracked 
| 101|0x0000000713a00000, 0x0000000713a00000, 0x0000000713c00000|  0%| F|  |TAMS 0x0000000713a00000, 0x0000000713a00000| Untracked 
| 102|0x0000000713c00000, 0x0000000713c00000, 0x0000000713e00000|  0%| F|  |TAMS 0x0000000713c00000, 0x0000000713c00000| Untracked 
| 103|0x0000000713e00000, 0x0000000713e00000, 0x0000000714000000|  0%| F|  |TAMS 0x0000000713e00000, 0x0000000713e00000| Untracked 
| 104|0x0000000714000000, 0x0000000714000000, 0x0000000714200000|  0%| F|  |TAMS 0x0000000714000000, 0x0000000714000000| Untracked 
| 105|0x0000000714200000, 0x0000000714200000, 0x0000000714400000|  0%| F|  |TAMS 0x0000000714200000, 0x0000000714200000| Untracked 
| 106|0x0000000714400000, 0x0000000714400000, 0x0000000714600000|  0%| F|  |TAMS 0x0000000714400000, 0x0000000714400000| Untracked 
| 107|0x0000000714600000, 0x0000000714600000, 0x0000000714800000|  0%| F|  |TAMS 0x0000000714600000, 0x0000000714600000| Untracked 
| 108|0x0000000714800000, 0x0000000714800000, 0x0000000714a00000|  0%| F|  |TAMS 0x0000000714800000, 0x0000000714800000| Untracked 
| 109|0x0000000714a00000, 0x0000000714a00000, 0x0000000714c00000|  0%| F|  |TAMS 0x0000000714a00000, 0x0000000714a00000| Untracked 
| 110|0x0000000714c00000, 0x0000000714c00000, 0x0000000714e00000|  0%| F|  |TAMS 0x0000000714c00000, 0x0000000714c00000| Untracked 
| 111|0x0000000714e00000, 0x0000000714e00000, 0x0000000715000000|  0%| F|  |TAMS 0x0000000714e00000, 0x0000000714e00000| Untracked 
| 112|0x0000000715000000, 0x0000000715200000, 0x0000000715200000|100%| S|CS|TAMS 0x0000000715000000, 0x0000000715000000| Complete 
| 113|0x0000000715200000, 0x0000000715400000, 0x0000000715400000|100%| S|CS|TAMS 0x0000000715200000, 0x0000000715200000| Complete 
| 114|0x0000000715400000, 0x0000000715400000, 0x0000000715600000|  0%| F|  |TAMS 0x0000000715400000, 0x0000000715400000| Untracked 
| 115|0x0000000715600000, 0x0000000715600000, 0x0000000715800000|  0%| F|  |TAMS 0x0000000715600000, 0x0000000715600000| Untracked 
| 116|0x0000000715800000, 0x0000000715800000, 0x0000000715a00000|  0%| F|  |TAMS 0x0000000715800000, 0x0000000715800000| Untracked 
| 117|0x0000000715a00000, 0x0000000715a00000, 0x0000000715c00000|  0%| F|  |TAMS 0x0000000715a00000, 0x0000000715a00000| Untracked 
| 118|0x0000000715c00000, 0x0000000715c00000, 0x0000000715e00000|  0%| F|  |TAMS 0x0000000715c00000, 0x0000000715c00000| Untracked 
| 119|0x0000000715e00000, 0x0000000715e00000, 0x0000000716000000|  0%| F|  |TAMS 0x0000000715e00000, 0x0000000715e00000| Untracked 
| 120|0x0000000716000000, 0x0000000716000000, 0x0000000716200000|  0%| F|  |TAMS 0x0000000716000000, 0x0000000716000000| Untracked 
| 121|0x0000000716200000, 0x0000000716200000, 0x0000000716400000|  0%| F|  |TAMS 0x0000000716200000, 0x0000000716200000| Untracked 
| 122|0x0000000716400000, 0x0000000716400000, 0x0000000716600000|  0%| F|  |TAMS 0x0000000716400000, 0x0000000716400000| Untracked 
| 123|0x0000000716600000, 0x0000000716600000, 0x0000000716800000|  0%| F|  |TAMS 0x0000000716600000, 0x0000000716600000| Untracked 
| 124|0x0000000716800000, 0x00000007169fe218, 0x0000000716a00000| 99%| E|  |TAMS 0x0000000716800000, 0x0000000716800000| Complete 

Card table byte_map: [0x000001cd00000000,0x000001cd007d0000] _byte_map_base: 0x000001ccfc7c8000

Marking Bits (Prev, Next): (CMBitMap*) 0x000001cd68bae080, (CMBitMap*) 0x000001cd68bae0c0
 Prev Bits: [0x000001cd00fa0000, 0x000001cd04de0000)
 Next Bits: [0x000001cd04de0000, 0x000001cd08c20000)

Polling page: 0x000001cd66b60000

Metaspace:

Usage:
  Non-class:      8.46 MB used.
      Class:      1.17 MB used.
       Both:      9.63 MB used.

Virtual space:
  Non-class space:       16.00 MB reserved,       8.56 MB ( 54%) committed,  2 nodes.
      Class space:        1.00 GB reserved,       1.31 MB ( <1%) committed,  1 nodes.
             Both:        1.02 GB reserved,       9.88 MB ( <1%) committed. 

Chunk freelists:
   Non-Class:  2.89 MB
       Class:  2.73 MB
        Both:  5.62 MB

MaxMetaspaceSize: unlimited
CompressedClassSpaceSize: 1.00 GB
Initial GC threshold: 21.00 MB
Current GC threshold: 21.00 MB
CDS: on
MetaspaceReclaimPolicy: balanced
 - commit_granule_bytes: 65536.
 - commit_granule_words: 8192.
 - virtual_space_node_default_size: 1048576.
 - enlarge_chunks_in_place: 1.
 - new_chunks_are_fully_committed: 0.
 - uncommit_free_chunks: 1.
 - use_allocation_guard: 0.
 - handle_deallocations: 1.


Internal statistics:

num_allocs_failed_limit: 0.
num_arena_births: 120.
num_arena_deaths: 0.
num_vsnodes_births: 3.
num_vsnodes_deaths: 0.
num_space_committed: 158.
num_space_uncommitted: 0.
num_chunks_returned_to_freelist: 0.
num_chunks_taken_from_freelist: 212.
num_chunk_merges: 0.
num_chunk_splits: 113.
num_chunks_enlarged: 41.
num_purges: 0.
num_inconsistent_stats: 0.

CodeHeap 'non-profiled nmethods': size=120000Kb used=482Kb max_used=482Kb free=119517Kb
 bounds [0x000001cd77e40000, 0x000001cd780b0000, 0x000001cd7f370000]
CodeHeap 'profiled nmethods': size=120000Kb used=2417Kb max_used=2417Kb free=117582Kb
 bounds [0x000001cd70910000, 0x000001cd70b80000, 0x000001cd77e40000]
CodeHeap 'non-nmethods': size=5760Kb used=1273Kb max_used=1327Kb free=4486Kb
 bounds [0x000001cd70370000, 0x000001cd705e0000, 0x000001cd70910000]
 total_blobs=2053 nmethods=1452 adapters=514
 compilation: enabled
              stopped_count=0, restarted_count=0
 full_count=0

Compilation events (20 events):
Event: 8.329 Thread 0x000001cd0b5668c0 nmethod 1443 0x000001cd70b66410 code [0x000001cd70b665c0, 0x000001cd70b66808]
Event: 8.329 Thread 0x000001cd0b5668c0 1445       3       java.lang.String::toUpperCase (8 bytes)
Event: 8.330 Thread 0x000001cd0b5668c0 nmethod 1445 0x000001cd70b66910 code [0x000001cd70b66ae0, 0x000001cd70b66e78]
Event: 8.330 Thread 0x000001cd0b5668c0 1446       3       java.lang.String::toUpperCase (29 bytes)
Event: 8.330 Thread 0x000001cd0b5668c0 nmethod 1446 0x000001cd70b66f90 code [0x000001cd70b67160, 0x000001cd70b67438]
Event: 8.330 Thread 0x000001cd0b5668c0 1450       3       java.lang.StringLatin1::toUpperCase (186 bytes)
Event: 8.331 Thread 0x000001cd0b5668c0 nmethod 1450 0x000001cd70b67510 code [0x000001cd70b67780, 0x000001cd70b682d8]
Event: 8.331 Thread 0x000001cd0b5668c0 1449       3       java.lang.String::regionMatches (189 bytes)
Event: 8.332 Thread 0x000001cd0b5668c0 nmethod 1449 0x000001cd70b68710 code [0x000001cd70b68960, 0x000001cd70b69638]
Event: 8.332 Thread 0x000001cd0b5668c0 1447  s    3       java.lang.StringBuffer::toString (59 bytes)
Event: 8.333 Thread 0x000001cd0b5668c0 nmethod 1447 0x000001cd70b69a90 code [0x000001cd70b69c80, 0x000001cd70b6a2b8]
Event: 8.333 Thread 0x000001cd0b5668c0 1448  s    3       java.lang.StringBuffer::append (13 bytes)
Event: 8.333 Thread 0x000001cd0b5668c0 nmethod 1448 0x000001cd70b6a490 code [0x000001cd70b6a640, 0x000001cd70b6a868]
Event: 8.333 Thread 0x000001cd0b5668c0 1452   !   3       java.util.zip.ZipFile::getEntry (59 bytes)
Event: 8.334 Thread 0x000001cd0b5668c0 nmethod 1452 0x000001cd70b6a910 code [0x000001cd70b6ab00, 0x000001cd70b6af78]
Event: 8.334 Thread 0x000001cd0b5668c0 1451       3       java.util.jar.JarFile::getEntry (35 bytes)
Event: 8.335 Thread 0x000001cd0b5668c0 nmethod 1451 0x000001cd70b6b210 code [0x000001cd70b6b400, 0x000001cd70b6b898]
Event: 8.335 Thread 0x000001cd0b5668c0 1453   !   3       jdk.internal.loader.URLClassPath$JarLoader::ensureOpen (36 bytes)
Event: 8.335 Thread 0x000001cd0b5668c0 nmethod 1453 0x000001cd70b6ba10 code [0x000001cd70b6bc00, 0x000001cd70b6c348]
Event: 8.340 Thread 0x000001cd0b565fc0 nmethod 1444 0x000001cd77eb8290 code [0x000001cd77eb8420, 0x000001cd77eb88d8]

GC Heap History (2 events):
Event: 6.359 GC heap before
{Heap before GC invocations=0 (full 0):
 garbage-first heap   total 256000K, used 34816K [0x0000000707000000, 0x0000000800000000)
  region size 2048K, 11 young (22528K), 0 survivors (0K)
 Metaspace       used 9812K, committed 10048K, reserved 1064960K
  class space    used 1188K, committed 1280K, reserved 1048576K
}
Event: 6.363 GC heap after
{Heap after GC invocations=1 (full 0):
 garbage-first heap   total 256000K, used 20078K [0x0000000707000000, 0x0000000800000000)
  region size 2048K, 2 young (4096K), 2 survivors (4096K)
 Metaspace       used 9812K, committed 10048K, reserved 1064960K
  class space    used 1188K, committed 1280K, reserved 1048576K
}

Deoptimization events (20 events):
Event: 1.022 Thread 0x000001cd68b5bf10 DEOPT PACKING pc=0x000001cd77e84034 sp=0x000000b0a55fe4e0
Event: 1.022 Thread 0x000001cd68b5bf10 DEOPT UNPACKING pc=0x000001cd703c23a3 sp=0x000000b0a55fe458 mode 2
Event: 1.071 Thread 0x000001cd0d756950 Uncommon trap: trap_request=0xffffff45 fr.pc=0x000001cd77e82bbc relative=0x000000000000093c
Event: 1.071 Thread 0x000001cd0d756950 Uncommon trap: reason=unstable_if action=reinterpret pc=0x000001cd77e82bbc method=java.util.HashMap.putVal(ILjava/lang/Object;Ljava/lang/Object;ZZ)Ljava/lang/Object; @ 181 c2
Event: 1.071 Thread 0x000001cd0d756950 DEOPT PACKING pc=0x000001cd77e82bbc sp=0x000000b0a6ffd430
Event: 1.071 Thread 0x000001cd0d756950 DEOPT UNPACKING pc=0x000001cd703c23a3 sp=0x000000b0a6ffd3d0 mode 2
Event: 1.232 Thread 0x000001cd0d756950 DEOPT PACKING pc=0x000001cd70ac896a sp=0x000000b0a6ffd3a0
Event: 1.232 Thread 0x000001cd0d756950 DEOPT UNPACKING pc=0x000001cd703c2b43 sp=0x000000b0a6ffc828 mode 0
Event: 1.252 Thread 0x000001cd0d756950 Uncommon trap: trap_request=0xffffff76 fr.pc=0x000001cd77e9bc68 relative=0x0000000000000248
Event: 1.252 Thread 0x000001cd0d756950 Uncommon trap: reason=predicate action=maybe_recompile pc=0x000001cd77e9bc68 method=java.util.ArrayList.indexOfRange(Ljava/lang/Object;II)I @ 45 c2
Event: 1.252 Thread 0x000001cd0d756950 DEOPT PACKING pc=0x000001cd77e9bc68 sp=0x000000b0a6ffeaf0
Event: 1.252 Thread 0x000001cd0d756950 DEOPT UNPACKING pc=0x000001cd703c23a3 sp=0x000000b0a6ffea68 mode 2
Event: 1.252 Thread 0x000001cd0d7057b0 DEOPT PACKING pc=0x000001cd70a0a488 sp=0x000000b0a6dfec90
Event: 1.252 Thread 0x000001cd0d7057b0 DEOPT UNPACKING pc=0x000001cd703c2b43 sp=0x000000b0a6dfe160 mode 0
Event: 1.253 Thread 0x000001cd0d7057b0 Uncommon trap: trap_request=0xffffffe4 fr.pc=0x000001cd77e946e8 relative=0x0000000000001728
Event: 1.253 Thread 0x000001cd0d7057b0 Uncommon trap: reason=range_check action=make_not_entrant pc=0x000001cd77e946e8 method=java.awt.image.DirectColorModel.setFields()V @ 6 c2
Event: 1.253 Thread 0x000001cd0d7057b0 DEOPT PACKING pc=0x000001cd77e946e8 sp=0x000000b0a6dfecb0
Event: 1.253 Thread 0x000001cd0d7057b0 DEOPT UNPACKING pc=0x000001cd703c23a3 sp=0x000000b0a6dfeae8 mode 2
Event: 5.027 Thread 0x000001cd0d721980 DEOPT PACKING pc=0x000001cd70a0ad2b sp=0x000000b0a6eff1e0
Event: 5.027 Thread 0x000001cd0d721980 DEOPT UNPACKING pc=0x000001cd703c2b43 sp=0x000000b0a6efe680 mode 0

Classes unloaded (0 events):
No events

Classes redefined (0 events):
No events

Internal exceptions (17 events):
Event: 0.132 Thread 0x000001cd68b5bf10 Exception <a 'java/lang/ClassNotFoundException'{0x0000000716602908}: sun/awt/resources/spi/awtProvider> (0x0000000716602908) 
thrown [t:\workspace\open\src\hotspot\share\classfile\systemDictionary.cpp, line 256]
Event: 0.158 Thread 0x000001cd68b5bf10 Exception <a 'java/io/FileNotFoundException'{0x000000071665b740}> (0x000000071665b740) 
thrown [t:\workspace\open\src\hotspot\share\prims\jni.cpp, line 516]
Event: 0.166 Thread 0x000001cd68b5bf10 Exception <a 'java/io/FileNotFoundException'{0x0000000716688a78}> (0x0000000716688a78) 
thrown [t:\workspace\open\src\hotspot\share\prims\jni.cpp, line 516]
Event: 0.205 Thread 0x000001cd68b5bf10 Exception <a 'java/lang/NoSuchMethodError'{0x00000007166da478}: 'java.lang.Object java.lang.invoke.DirectMethodHandle$Holder.invokeStaticInit(java.lang.Object)'> (0x00000007166da478) 
thrown [t:\workspace\open\src\hotspot\share\interpreter\linkResolver.cpp, line 766]
Event: 0.553 Thread 0x000001cd68b5bf10 Exception <a 'java/lang/NoSuchMethodError'{0x00000007167255f8}: 'void java.lang.invoke.DirectMethodHandle$Holder.invokeSpecial(java.lang.Object, java.lang.Object, java.lang.Object)'> (0x00000007167255f8) 
thrown [t:\workspace\open\src\hotspot\share\interpreter\linkResolver.cpp, line 766]
Event: 0.560 Thread 0x000001cd68b5bf10 Exception <a 'java/lang/NoSuchMethodError'{0x000000071674f860}: 'java.lang.Object java.lang.invoke.DirectMethodHandle$Holder.newInvokeSpecial(java.lang.Object, java.lang.Object, java.lang.Object, java.lang.Object, java.lang.Object)'> (0x000000071674f860) 
thrown [t:\workspace\open\src\hotspot\share\interpreter\linkResolver.cpp, line 766]
Event: 0.562 Thread 0x000001cd68b5bf10 Exception <a 'java/lang/NoSuchMethodError'{0x00000007167cbed8}: 'java.lang.Object java.lang.invoke.DirectMethodHandle$Holder.invokeStatic(java.lang.Object, int, java.lang.Object, java.lang.Object, java.lang.Object, java.lang.Object)'> (0x00000007167cbed8) 
thrown [t:\workspace\open\src\hotspot\share\interpreter\linkResolver.cpp, line 766]
Event: 0.567 Thread 0x000001cd68b5bf10 Exception <a 'java/lang/NoSuchMethodError'{0x00000007167f1698}: 'java.lang.Object java.lang.invoke.DirectMethodHandle$Holder.invokeStatic(java.lang.Object, int, java.lang.Object)'> (0x00000007167f1698) 
thrown [t:\workspace\open\src\hotspot\share\interpreter\linkResolver.cpp, line 766]
Event: 0.594 Thread 0x000001cd68b5bf10 Exception <a 'java/lang/ClassNotFoundException'{0x00000007164a9580}: com/sun/swing/internal/plaf/metal/resources/spi/metalProvider> (0x00000007164a9580) 
thrown [t:\workspace\open\src\hotspot\share\classfile\systemDictionary.cpp, line 256]
Event: 0.595 Thread 0x000001cd68b5bf10 Exception <a 'java/lang/ClassNotFoundException'{0x00000007164ad408}: com/sun/swing/internal/plaf/basic/resources/spi/basicProvider> (0x00000007164ad408) 
thrown [t:\workspace\open\src\hotspot\share\classfile\systemDictionary.cpp, line 256]
Event: 0.608 Thread 0x000001cd0d7057b0 Exception <a 'java/lang/NoSuchMethodError'{0x00000007164f1f00}: 'java.lang.Object java.lang.invoke.DirectMethodHandle$Holder.newInvokeSpecial(java.lang.Object, java.lang.Object, java.lang.Object, int, int, int, int, int)'> (0x00000007164f1f00) 
thrown [t:\workspace\open\src\hotspot\share\interpreter\linkResolver.cpp, line 766]
Event: 0.664 Thread 0x000001cd0d721980 Exception <a 'java/io/FileNotFoundException'{0x00000007162f7148}> (0x00000007162f7148) 
thrown [t:\workspace\open\src\hotspot\share\prims\jni.cpp, line 516]
Event: 0.701 Thread 0x000001cd0c3a2b50 Exception <a 'java/lang/NoSuchMethodError'{0x00000007167628e0}: 'void java.lang.invoke.DirectMethodHandle$Holder.invokeVirtual(java.lang.Object, java.lang.Object)'> (0x00000007167628e0) 
thrown [t:\workspace\open\src\hotspot\share\interpreter\linkResolver.cpp, line 766]
Event: 0.721 Thread 0x000001cd68b5bf10 Exception <a 'java/lang/NoSuchMethodError'{0x0000000715ef00d8}: 'void java.lang.invoke.DirectMethodHandle$Holder.invokeStaticInit(java.lang.Object)'> (0x0000000715ef00d8) 
thrown [t:\workspace\open\src\hotspot\share\interpreter\linkResolver.cpp, line 766]
Event: 0.737 Thread 0x000001cd68b5bf10 Exception <a 'java/io/FileNotFoundException'{0x0000000715efc958}> (0x0000000715efc958) 
thrown [t:\workspace\open\src\hotspot\share\prims\jni.cpp, line 516]
Event: 6.107 Thread 0x000001cd152f7330 Exception <a 'java/io/FileNotFoundException'{0x00000007155f6550}> (0x00000007155f6550) 
thrown [t:\workspace\open\src\hotspot\share\prims\jni.cpp, line 516]
Event: 8.330 Thread 0x000001cd152f7330 Exception <a 'java/io/FileNotFoundException'{0x00000007169b5db8}> (0x00000007169b5db8) 
thrown [t:\workspace\open\src\hotspot\share\prims\jni.cpp, line 516]

VM Operations (20 events):
Event: 0.708 Executing VM operation: HandshakeAllThreads
Event: 0.708 Executing VM operation: HandshakeAllThreads done
Event: 0.759 Executing VM operation: HandshakeAllThreads
Event: 0.759 Executing VM operation: HandshakeAllThreads done
Event: 0.795 Executing VM operation: HandshakeAllThreads
Event: 0.795 Executing VM operation: HandshakeAllThreads done
Event: 0.902 Executing VM operation: HandshakeAllThreads
Event: 0.902 Executing VM operation: HandshakeAllThreads done
Event: 1.160 Executing VM operation: ICBufferFull
Event: 1.160 Executing VM operation: ICBufferFull done
Event: 2.168 Executing VM operation: Cleanup
Event: 2.168 Executing VM operation: Cleanup done
Event: 5.185 Executing VM operation: Cleanup
Event: 5.185 Executing VM operation: Cleanup done
Event: 6.191 Executing VM operation: Cleanup
Event: 6.191 Executing VM operation: Cleanup done
Event: 6.359 Executing VM operation: G1CollectForAllocation
Event: 6.363 Executing VM operation: G1CollectForAllocation done
Event: 7.370 Executing VM operation: Cleanup
Event: 7.370 Executing VM operation: Cleanup done

Events (20 events):
Event: 5.036 loading class java/awt/geom/Path2D$Iterator
Event: 5.036 loading class java/awt/geom/PathIterator
Event: 5.036 loading class java/awt/geom/PathIterator done
Event: 5.036 loading class java/awt/geom/Path2D$Iterator done
Event: 5.036 loading class java/awt/geom/Path2D$Float$TxIterator done
Event: 6.094 Thread 0x000001cd152f7330 Thread added: 0x000001cd152f7330
Event: 6.098 Loaded shared library C:\Program Files\Java\jdk-17\bin\verify.dll
Event: 6.100 loading class java/lang/InterruptedException
Event: 6.100 loading class java/lang/InterruptedException done
Event: 6.105 Loaded shared library C:\Program Files\Java\jdk-17\bin\rxtxSerial.dll
Event: 6.254 Thread 0x000001cd0d7057b0 Thread exited: 0x000001cd0d7057b0
Event: 6.617 loading class java/awt/LightweightDispatcher$2
Event: 6.617 loading class java/awt/LightweightDispatcher$2 done
Event: 8.332 loading class java/util/TooManyListenersException
Event: 8.332 loading class java/util/TooManyListenersException done
Event: 8.336 loading class java/lang/NumberFormatException
Event: 8.336 loading class java/lang/NumberFormatException done
Event: 8.337 loading class java/lang/IndexOutOfBoundsException
Event: 8.337 loading class java/lang/IndexOutOfBoundsException done
Event: 8.353 Thread 0x000001cd152f5180 Thread added: 0x000001cd152f5180


Dynamic libraries:
0x00007ff7e22d0000 - 0x00007ff7e22e0000 	C:\Program Files\Java\jdk-17\bin\javaw.exe
0x00007ffd6e5d0000 - 0x00007ffd6e7c5000 	C:\WINDOWS\SYSTEM32\ntdll.dll
0x00007ffd6c880000 - 0x00007ffd6c93e000 	C:\WINDOWS\System32\KERNEL32.DLL
0x00007ffd6bf90000 - 0x00007ffd6c259000 	C:\WINDOWS\System32\KERNELBASE.dll
0x00007ffd6c3b0000 - 0x00007ffd6c4b0000 	C:\WINDOWS\System32\ucrtbase.dll
0x00007ffd5d310000 - 0x00007ffd5d328000 	C:\Program Files\Java\jdk-17\bin\jli.dll
0x00007ffd5d350000 - 0x00007ffd5d36a000 	C:\Program Files\Java\jdk-17\bin\VCRUNTIME140.dll
0x00007ffd6d520000 - 0x00007ffd6d5cc000 	C:\WINDOWS\System32\ADVAPI32.dll
0x00007ffd6e0c0000 - 0x00007ffd6e15e000 	C:\WINDOWS\System32\msvcrt.dll
0x00007ffd6c7d0000 - 0x00007ffd6c86b000 	C:\WINDOWS\System32\sechost.dll
0x00007ffd6d310000 - 0x00007ffd6d43a000 	C:\WINDOWS\System32\RPCRT4.dll
0x00007ffd6e1c0000 - 0x00007ffd6e361000 	C:\WINDOWS\System32\USER32.dll
0x00007ffd6c4e0000 - 0x00007ffd6c502000 	C:\WINDOWS\System32\win32u.dll
0x00007ffd6dad0000 - 0x00007ffd6dafb000 	C:\WINDOWS\System32\GDI32.dll
0x00007ffd6c510000 - 0x00007ffd6c61b000 	C:\WINDOWS\System32\gdi32full.dll
0x00007ffd4c8e0000 - 0x00007ffd4cb7a000 	C:\WINDOWS\WinSxS\amd64_microsoft.windows.common-controls_6595b64144ccf1df_6.0.19041.1110_none_60b5254171f9507e\COMCTL32.dll
0x00007ffd6c310000 - 0x00007ffd6c3ad000 	C:\WINDOWS\System32\msvcp_win.dll
0x00007ffd65a30000 - 0x00007ffd65a3a000 	C:\WINDOWS\SYSTEM32\VERSION.dll
0x00007ffd6e560000 - 0x00007ffd6e590000 	C:\WINDOWS\System32\IMM32.DLL
0x00007ffd661e0000 - 0x00007ffd661ec000 	C:\Program Files\Java\jdk-17\bin\vcruntime140_1.dll
0x00007ffd513a0000 - 0x00007ffd5142d000 	C:\Program Files\Java\jdk-17\bin\msvcp140.dll
0x00007ffd16060000 - 0x00007ffd16c1e000 	C:\Program Files\Java\jdk-17\bin\server\jvm.dll
0x00007ffd6c870000 - 0x00007ffd6c878000 	C:\WINDOWS\System32\PSAPI.DLL
0x00007ffd5a6a0000 - 0x00007ffd5a6a9000 	C:\WINDOWS\SYSTEM32\WSOCK32.dll
0x00007ffd5c810000 - 0x00007ffd5c837000 	C:\WINDOWS\SYSTEM32\WINMM.dll
0x00007ffd6e370000 - 0x00007ffd6e3db000 	C:\WINDOWS\System32\WS2_32.dll
0x00007ffd6a570000 - 0x00007ffd6a582000 	C:\WINDOWS\SYSTEM32\kernel.appcore.dll
0x00007ffd65a70000 - 0x00007ffd65a7a000 	C:\Program Files\Java\jdk-17\bin\jimage.dll
0x00007ffd629b0000 - 0x00007ffd62b94000 	C:\WINDOWS\SYSTEM32\DBGHELP.DLL
0x00007ffd62df0000 - 0x00007ffd62e1c000 	C:\WINDOWS\SYSTEM32\dbgcore.DLL
0x00007ffd6bda0000 - 0x00007ffd6be23000 	C:\WINDOWS\System32\bcryptPrimitives.dll
0x00007ffd5a400000 - 0x00007ffd5a425000 	C:\Program Files\Java\jdk-17\bin\java.dll
0x00007ffd4fac0000 - 0x00007ffd4fb96000 	C:\Program Files\Java\jdk-17\bin\svml.dll
0x00007ffd6c940000 - 0x00007ffd6d07f000 	C:\WINDOWS\System32\SHELL32.dll
0x00007ffd69b70000 - 0x00007ffd6a300000 	C:\WINDOWS\SYSTEM32\windows.storage.dll
0x00007ffd6d5d0000 - 0x00007ffd6d925000 	C:\WINDOWS\System32\combase.dll
0x00007ffd6b740000 - 0x00007ffd6b76c000 	C:\WINDOWS\SYSTEM32\Wldp.dll
0x00007ffd6e3e0000 - 0x00007ffd6e48d000 	C:\WINDOWS\System32\SHCORE.dll
0x00007ffd6e160000 - 0x00007ffd6e1b5000 	C:\WINDOWS\System32\shlwapi.dll
0x00007ffd6bc30000 - 0x00007ffd6bc4f000 	C:\WINDOWS\SYSTEM32\profapi.dll
0x00007ffd580f0000 - 0x00007ffd58109000 	C:\Program Files\Java\jdk-17\bin\net.dll
0x00007ffd69540000 - 0x00007ffd69648000 	C:\WINDOWS\SYSTEM32\WINHTTP.dll
0x00007ffd6b4a0000 - 0x00007ffd6b50a000 	C:\WINDOWS\system32\mswsock.dll
0x00007ffd580d0000 - 0x00007ffd580e5000 	C:\Program Files\Java\jdk-17\bin\nio.dll
0x00007ffd580b0000 - 0x00007ffd580c8000 	C:\Program Files\Java\jdk-17\bin\zip.dll
0x00007ffd33660000 - 0x00007ffd337ef000 	C:\Program Files\Java\jdk-17\bin\awt.dll
0x00007ffd6d120000 - 0x00007ffd6d1ed000 	C:\WINDOWS\System32\OLEAUT32.dll
0x00007ffd68300000 - 0x00007ffd68390000 	C:\WINDOWS\SYSTEM32\apphelp.dll
0x00007ffd69180000 - 0x00007ffd691af000 	C:\WINDOWS\system32\DWMAPI.DLL
0x00007ffd68e80000 - 0x00007ffd68f1e000 	C:\WINDOWS\system32\uxtheme.dll
0x00007ffd4b620000 - 0x00007ffd4b745000 	C:\WINDOWS\system32\opengl32.dll
0x00007ffd53b20000 - 0x00007ffd53b4c000 	C:\WINDOWS\SYSTEM32\GLU32.dll
0x00007ffd4fd10000 - 0x00007ffd4fd9b000 	C:\Program Files (x86)\TeamViewer\tv_x64.dll
0x00007ffd6d930000 - 0x00007ffd6da5a000 	C:\WINDOWS\System32\ole32.dll
0x00007ffd6d1f0000 - 0x00007ffd6d305000 	C:\WINDOWS\System32\MSCTF.dll
0x00007ffd556e0000 - 0x00007ffd558ae000 	C:\WINDOWS\system32\d3d9.dll
0x00007ffd25e00000 - 0x00007ffd25fcd000 	C:\WINDOWS\System32\DriverStore\FileRepository\igdlh64.inf_amd64_6b34f91c4f014e13\igdumdim64.dll
0x00007ffd49960000 - 0x00007ffd49a80000 	C:\WINDOWS\System32\DriverStore\FileRepository\igdlh64.inf_amd64_6b34f91c4f014e13\igdgmm64.dll
0x00007ffcec240000 - 0x00007ffcefe51000 	C:\WINDOWS\System32\DriverStore\FileRepository\igdlh64.inf_amd64_6b34f91c4f014e13\igd9dxva64.dll
0x00007ffd64ca0000 - 0x00007ffd64da6000 	C:\WINDOWS\System32\DriverStore\FileRepository\nvlt.inf_amd64_c980d632ccc1d27d\nvldumdx.dll
0x00007ffd6b8d0000 - 0x00007ffd6b8e2000 	C:\WINDOWS\SYSTEM32\msasn1.dll
0x00007ffd632a0000 - 0x00007ffd632d1000 	C:\WINDOWS\SYSTEM32\cryptnet.dll
0x00007ffd6be30000 - 0x00007ffd6bf86000 	C:\WINDOWS\System32\CRYPT32.dll
0x00007ffd60d40000 - 0x00007ffd60e8a000 	C:\WINDOWS\SYSTEM32\drvstore.dll
0x00007ffd6ba90000 - 0x00007ffd6bac4000 	C:\WINDOWS\SYSTEM32\devobj.dll
0x00007ffd6bd50000 - 0x00007ffd6bd9e000 	C:\WINDOWS\System32\cfgmgr32.dll
0x00007ffd6b690000 - 0x00007ffd6b69c000 	C:\WINDOWS\SYSTEM32\cryptbase.dll
0x00007ffd6bcf0000 - 0x00007ffd6bd50000 	C:\WINDOWS\System32\WINTRUST.DLL
0x00007ffd6e540000 - 0x00007ffd6e55d000 	C:\WINDOWS\System32\imagehlp.dll
0x00007ffd6b6a0000 - 0x00007ffd6b6b8000 	C:\WINDOWS\SYSTEM32\CRYPTSP.dll
0x00007ffd6adb0000 - 0x00007ffd6ade4000 	C:\WINDOWS\system32\rsaenh.dll
0x00007ffd6c4b0000 - 0x00007ffd6c4d7000 	C:\WINDOWS\System32\bcrypt.dll
0x00007ffcd0ca0000 - 0x00007ffcd2550000 	C:\WINDOWS\System32\DriverStore\FileRepository\nvlt.inf_amd64_c980d632ccc1d27d\nvd3dumx.dll
0x00007ffd6a590000 - 0x00007ffd6a5b3000 	C:\WINDOWS\SYSTEM32\gpapi.dll
0x00007ffd66300000 - 0x00007ffd6633b000 	C:\WINDOWS\SYSTEM32\dxcore.dll
0x00007ffd500d0000 - 0x00007ffd50159000 	C:\Program Files\Java\jdk-17\bin\freetype.dll
0x00007ffd3e6f0000 - 0x00007ffd3e798000 	C:\Program Files\Java\jdk-17\bin\fontmanager.dll
0x00007ffd572c0000 - 0x00007ffd573b9000 	C:\WINDOWS\SYSTEM32\textinputframework.dll
0x00007ffd67780000 - 0x00007ffd67ade000 	C:\WINDOWS\System32\CoreUIComponents.dll
0x00007ffd67b30000 - 0x00007ffd67c22000 	C:\WINDOWS\System32\CoreMessaging.dll
0x00007ffd67de0000 - 0x00007ffd67f34000 	C:\WINDOWS\SYSTEM32\wintypes.dll
0x00007ffd6a9e0000 - 0x00007ffd6aa13000 	C:\WINDOWS\SYSTEM32\ntmarta.dll
0x00007ffd6e490000 - 0x00007ffd6e539000 	C:\WINDOWS\System32\clbcatq.dll
0x00007ffd546c0000 - 0x00007ffd54791000 	C:\Windows\System32\IME\IMEKR\imkrtip.dll
0x00007ffd68860000 - 0x00007ffd68956000 	C:\WINDOWS\SYSTEM32\PROPSYS.dll
0x00007ffd53bf0000 - 0x00007ffd53d32000 	C:\Windows\System32\IME\shared\imetip.dll
0x00007ffd510b0000 - 0x00007ffd5125e000 	C:\WINDOWS\SYSTEM32\DUI70.dll
0x00007ffd5c940000 - 0x00007ffd5c9a6000 	C:\WINDOWS\SYSTEM32\OLEACC.dll
0x00007ffd54670000 - 0x00007ffd546b1000 	C:\Windows\System32\IME\IMEKR\imkrapi.dll
0x00007ffd686b0000 - 0x00007ffd68750000 	C:\WINDOWS\SYSTEM32\policymanager.dll
0x00007ffd6ae40000 - 0x00007ffd6aeca000 	C:\WINDOWS\SYSTEM32\msvcp110_win.dll
0x00007ffd54630000 - 0x00007ffd5466e000 	C:\Windows\System32\IME\shared\imjkapi.dll
0x00007ffd64ea0000 - 0x00007ffd64eb0000 	C:\Program Files\Java\jdk-17\bin\verify.dll
0x0000000180000000 - 0x0000000180025000 	C:\Program Files\Java\jdk-17\bin\rxtxSerial.dll

dbghelp: loaded successfully - version: 4.0.5 - missing functions: none
symbol engine: initialized successfully - sym options: 0x614 - pdb path: .;C:\Program Files\Java\jdk-17\bin;C:\WINDOWS\SYSTEM32;C:\WINDOWS\WinSxS\amd64_microsoft.windows.common-controls_6595b64144ccf1df_6.0.19041.1110_none_60b5254171f9507e;C:\Program Files\Java\jdk-17\bin\server;C:\Program Files (x86)\TeamViewer;C:\WINDOWS\System32\DriverStore\FileRepository\igdlh64.inf_amd64_6b34f91c4f014e13;C:\WINDOWS\System32\DriverStore\FileRepository\nvlt.inf_amd64_c980d632ccc1d27d;C:\Windows\System32\IME\IMEKR;C:\Windows\System32\IME\shared

VM Arguments:
jvm_args: -Dfile.encoding=MS949 -XX:+ShowCodeDetailsInExceptionMessages 
java_command: project.sess.main.MainClass
java_class_path (initial): C:\Users\jb\eclipse-workspace\sess_project\bin;C:\Users\jb\eclipse-workspace\sess_project\lib\GlgCE.jar;C:\Users\jb\eclipse-workspace\sess_project\lib\GlgDemo.jar;C:\Users\jb\eclipse-workspace\sess_project\lib\GlgGraphLayout.jar;C:\Users\jb\eclipse-workspace\sess_project\lib\xchart-3.8.0.jar;C:\Users\jb\eclipse-workspace\sess_project\lib\RXTXcomm.jar
Launcher Type: SUN_STANDARD

[Global flags]
     intx CICompilerCount                          = 4                                         {product} {ergonomic}
     uint ConcGCThreads                            = 2                                         {product} {ergonomic}
     uint G1ConcRefinementThreads                  = 8                                         {product} {ergonomic}
   size_t G1HeapRegionSize                         = 2097152                                   {product} {ergonomic}
    uintx GCDrainStackTargetSize                   = 64                                        {product} {ergonomic}
   size_t InitialHeapSize                          = 262144000                                 {product} {ergonomic}
   size_t MarkStackSize                            = 4194304                                   {product} {ergonomic}
   size_t MaxHeapSize                              = 4177526784                                {product} {ergonomic}
   size_t MaxNewSize                               = 2506096640                                {product} {ergonomic}
   size_t MinHeapDeltaBytes                        = 2097152                                   {product} {ergonomic}
   size_t MinHeapSize                              = 8388608                                   {product} {ergonomic}
    uintx NonNMethodCodeHeapSize                   = 5839372                                {pd product} {ergonomic}
    uintx NonProfiledCodeHeapSize                  = 122909434                              {pd product} {ergonomic}
    uintx ProfiledCodeHeapSize                     = 122909434                              {pd product} {ergonomic}
    uintx ReservedCodeCacheSize                    = 251658240                              {pd product} {ergonomic}
     bool SegmentedCodeCache                       = true                                      {product} {ergonomic}
     bool ShowCodeDetailsInExceptionMessages       = true                                   {manageable} {command line}
   size_t SoftMaxHeapSize                          = 4177526784                             {manageable} {ergonomic}
     bool UseCompressedClassPointers               = true                           {product lp64_product} {ergonomic}
     bool UseCompressedOops                        = true                           {product lp64_product} {ergonomic}
     bool UseG1GC                                  = true                                      {product} {ergonomic}
     bool UseLargePagesIndividualAllocation        = false                                  {pd product} {ergonomic}

Logging:
Log output configuration:
 #0: stdout all=warning uptime,level,tags
 #1: stderr all=off uptime,level,tags

Environment Variables:
PATH=C:\Program Files\Common Files\Oracle\Java\javapath;C:\WINDOWS\system32;C:\WINDOWS;C:\WINDOWS\System32\Wbem;C:\WINDOWS\System32\WindowsPowerShell\v1.0\;C:\WINDOWS\System32\OpenSSH\;C:\Program Files (x86)\NetSarang\Xshell 7\;C:\Program Files (x86)\PuTTY\;C:\Cadence\SPB_16.5\OpenAccess\bin\win32\opt;C:\Cadence\SPB_16.5\tools\Capture;C:\Cadence\SPB_16.5\tools\PSpice\Library;C:\Cadence\SPB_16.5\tools\PSpice;C:\Cadence\SPB_16.5\tools\specctra\bin;C:\Cadence\SPB_16.5\tools\fet\bin;C:\Cadence\SPB_16.5\tools\libutil\bin;C:\Cadence\SPB_16.5\tools\bin;C:\Cadence\SPB_16.5\tools\pcb\bin;C:\Users\jb\AppData\Local\Microsoft\WindowsApps;;C:\Users\jb\AppData\Local\Programs\Microsoft VS Code\bin
USERNAME=jb
OS=Windows_NT
PROCESSOR_IDENTIFIER=Intel64 Family 6 Model 158 Stepping 9, GenuineIntel



---------------  S Y S T E M  ---------------

OS:
 Windows 10 , 64 bit Build 19041 (10.0.19041.1202)
OS uptime: 15 days 0:41 hours

CPU: total 8 (initial active 8) (4 cores per cpu, 2 threads per core) family 6 model 158 stepping 9 microcode 0xb4, cx8, cmov, fxsr, ht, mmx, 3dnowpref, sse, sse2, sse3, ssse3, sse4.1, sse4.2, popcnt, lzcnt, tsc, tscinvbit, avx, avx2, aes, erms, clmul, bmi1, bmi2, adx, fma, vzeroupper, clflush, clflushopt

Memory: 4k page, system-wide physical 15929M (8036M free)
TotalPageFile size 19518M (AvailPageFile size 4667M)
current process WorkingSet (physical memory assigned to process): 114M, peak: 119M
current process commit charge ("private bytes"): 378M, peak: 392M

vm_info: Java HotSpot(TM) 64-Bit Server VM (17+35-LTS-2724) for windows-amd64 JRE (17+35-LTS-2724), built on Aug  5 2021 23:28:28 by "mach5one" with MS VC++ 16.8 (VS2019)

END.
